2020-17-01 16:44:08   INFO [libs.ActionsWithOurElements] : ZcnElWcgcNwCJbZouNfr was inputted into element
2020-17-01 16:44:08   INFO [libs.ActionsWithOurElements] : Element was clicked
2020-17-01 16:44:13   INFO [libs.ActionsWithOurElements] : Element was clicked
2020-17-01 16:44:18   INFO [libs.Database] : jdbc:mysql://ezlogzbdtest.cflnpulkxl9d.us-east-2.rds.amazonaws.com:3309/admin_ezlogz_api
2020-17-01 16:44:20   INFO [settingsTest.SoloDriverSettingsTest] : AC passed
2020-17-01 16:44:20   INFO [libs.Database] : jdbc:mysql://ezlogzbdtest.cflnpulkxl9d.us-east-2.rds.amazonaws.com:3309/admin_ezlogz_api
2020-17-01 16:44:23   INFO [settingsTest.SoloDriverSettingsTest] : AC passed
2020-17-01 16:55:28   INFO [settingsTest.SoloDriverSettingsTest] : Chrome will be started
2020-17-01 16:55:34   INFO [settingsTest.SoloDriverSettingsTest] : Chrome is started
2020-17-01 16:55:39   INFO [libs.Database] : jdbc:mysql://ezlogzbdtest.cflnpulkxl9d.us-east-2.rds.amazonaws.com:3309/admin_ezlogz_api
2020-17-01 16:55:41   INFO [libs.Database] : jdbc:mysql://ezlogzbdtest.cflnpulkxl9d.us-east-2.rds.amazonaws.com:3309/admin_ezlogz_api
2020-17-01 16:55:51   INFO [pages.LoginPage] : Login Page was opened
2020-17-01 16:55:51   INFO [libs.ActionsWithOurElements] : Element was clicked
2020-17-01 16:55:52   INFO [libs.ActionsWithOurElements] : den36@gmail.com was inputted into element
2020-17-01 16:55:52   INFO [libs.ActionsWithOurElements] : testtest was inputted into element
2020-17-01 16:55:52   INFO [libs.ActionsWithOurElements] : Element was clicked
2020-17-01 16:56:01   INFO [libs.ActionsWithOurElements] : Element was clicked
2020-17-01 16:56:04   INFO [libs.ActionsWithOurElements] : Element was clicked
2020-17-01 16:56:10   INFO [libs.ActionsWithOurElements] : Element was clicked
2020-17-01 16:56:16   INFO [libs.ActionsWithOurElements] : Element was clicked
2020-17-01 16:56:17   INFO [libs.ActionsWithOurElements] : 278849290 was inputted into element
2020-17-01 16:56:17   INFO [libs.ActionsWithOurElements] : 161326654 was inputted into element
2020-17-01 16:56:18   INFO [libs.ActionsWithOurElements] : 2 was selected in Drop-down
2020-17-01 16:56:18   INFO [libs.ActionsWithOurElements] : ssRSV was inputted into element
2020-17-01 16:56:18   INFO [libs.ActionsWithOurElements] : QcaMViwcpv was inputted into element
2020-17-01 16:56:19   INFO [libs.ActionsWithOurElements] : 4113188962 was inputted into element
2020-17-01 16:56:19   INFO [libs.ActionsWithOurElements] : 2020-01-17 was inputted into element
2020-17-01 16:56:19   INFO [libs.ActionsWithOurElements] : 2020-01-17 was inputted into element
2020-17-01 16:56:19   INFO [libs.ActionsWithOurElements] : 2020-01-17 was inputted into element
2020-17-01 16:56:19   INFO [libs.ActionsWithOurElements] : 2020-01-17 was inputted into element
2020-17-01 16:56:19   INFO [libs.ActionsWithOurElements] : 2020-01-17 was inputted into element
2020-17-01 16:56:20   INFO [libs.ActionsWithOurElements] : 0510881 was inputted into element
2020-17-01 16:56:20   INFO [libs.ActionsWithOurElements] : Canada was selected in Drop-down
2020-17-01 16:56:20   INFO [libs.ActionsWithOurElements] : AB was selected in Drop-down
2020-17-01 16:56:20   INFO [libs.ActionsWithOurElements] : 2020-01-17 was inputted into element
2020-17-01 16:56:21   INFO [libs.ActionsWithOurElements] : AzhgHTjAylpjlFPOuYla was inputted into element
2020-17-01 16:56:21   INFO [libs.ActionsWithOurElements] : Element was clicked
2020-17-01 16:56:26   INFO [libs.ActionsWithOurElements] : Element was clicked
2020-17-01 16:56:31   INFO [libs.Database] : jdbc:mysql://ezlogzbdtest.cflnpulkxl9d.us-east-2.rds.amazonaws.com:3309/admin_ezlogz_api
2020-17-01 16:56:33   INFO [settingsTest.SoloDriverSettingsTest] : AC passed
2020-17-01 16:56:33   INFO [libs.Database] : jdbc:mysql://ezlogzbdtest.cflnpulkxl9d.us-east-2.rds.amazonaws.com:3309/admin_ezlogz_api
2020-17-01 16:56:36   INFO [settingsTest.SoloDriverSettingsTest] : AC passed
2020-17-01 16:56:36   INFO [libs.Database] : jdbc:mysql://ezlogzbdtest.cflnpulkxl9d.us-east-2.rds.amazonaws.com:3309/admin_ezlogz_api
2020-17-01 16:56:39  ERROR [settingsTest.SoloDriverSettingsTest] : AC failed: Address failed
2020-17-01 16:58:08   INFO [settingsTest.SoloDriverSettingsTest] : Chrome will be started
2020-17-01 16:58:15   INFO [settingsTest.SoloDriverSettingsTest] : Chrome is started
2020-17-01 16:58:20   INFO [libs.Database] : jdbc:mysql://ezlogzbdtest.cflnpulkxl9d.us-east-2.rds.amazonaws.com:3309/admin_ezlogz_api
2020-17-01 16:58:22   INFO [libs.Database] : jdbc:mysql://ezlogzbdtest.cflnpulkxl9d.us-east-2.rds.amazonaws.com:3309/admin_ezlogz_api
2020-17-01 16:58:31   INFO [pages.LoginPage] : Login Page was opened
2020-17-01 16:58:32   INFO [libs.ActionsWithOurElements] : Element was clicked
2020-17-01 16:58:32   INFO [libs.ActionsWithOurElements] : den36@gmail.com was inputted into element
2020-17-01 16:58:32   INFO [libs.ActionsWithOurElements] : testtest was inputted into element
2020-17-01 16:58:32   INFO [libs.ActionsWithOurElements] : Element was clicked
2020-17-01 16:58:38   INFO [libs.ActionsWithOurElements] : Element was clicked
2020-17-01 16:58:42   INFO [libs.ActionsWithOurElements] : Element was clicked
2020-17-01 16:58:48   INFO [libs.ActionsWithOurElements] : Element was clicked
2020-17-01 16:58:54   INFO [libs.ActionsWithOurElements] : Element was clicked
2020-17-01 16:58:55   INFO [libs.ActionsWithOurElements] : 089192357 was inputted into element
2020-17-01 16:58:55   INFO [libs.ActionsWithOurElements] : 507530394 was inputted into element
2020-17-01 16:58:55   INFO [libs.ActionsWithOurElements] : 2 was selected in Drop-down
2020-17-01 16:58:56   INFO [libs.ActionsWithOurElements] : rEIQo was inputted into element
2020-17-01 16:58:56   INFO [libs.ActionsWithOurElements] : SdqiRYVZpb was inputted into element
2020-17-01 16:58:56   INFO [libs.ActionsWithOurElements] : 0139099606 was inputted into element
2020-17-01 16:58:56   INFO [libs.ActionsWithOurElements] : 2020-01-17 was inputted into element
2020-17-01 16:58:57   INFO [libs.ActionsWithOurElements] : 2020-01-17 was inputted into element
2020-17-01 16:58:57   INFO [libs.ActionsWithOurElements] : 2020-01-17 was inputted into element
2020-17-01 16:58:57   INFO [libs.ActionsWithOurElements] : 2020-01-17 was inputted into element
2020-17-01 16:58:57   INFO [libs.ActionsWithOurElements] : 2020-01-17 was inputted into element
2020-17-01 16:58:57   INFO [libs.ActionsWithOurElements] : 6618354 was inputted into element
2020-17-01 16:58:58   INFO [libs.ActionsWithOurElements] : Canada was selected in Drop-down
2020-17-01 16:58:58   INFO [libs.ActionsWithOurElements] : AB was selected in Drop-down
2020-17-01 16:58:58   INFO [libs.ActionsWithOurElements] : 2020-01-17 was inputted into element
2020-17-01 16:58:58   INFO [libs.ActionsWithOurElements] : RxstJOTJxJFzqGGsoeQc was inputted into element
2020-17-01 16:58:58   INFO [libs.ActionsWithOurElements] : Element was clicked
2020-17-01 16:59:03   INFO [libs.ActionsWithOurElements] : Element was clicked
2020-17-01 16:59:08   INFO [libs.Database] : jdbc:mysql://ezlogzbdtest.cflnpulkxl9d.us-east-2.rds.amazonaws.com:3309/admin_ezlogz_api
2020-17-01 16:59:11   INFO [settingsTest.SoloDriverSettingsTest] : AC passed
2020-17-01 16:59:11   INFO [libs.Database] : jdbc:mysql://ezlogzbdtest.cflnpulkxl9d.us-east-2.rds.amazonaws.com:3309/admin_ezlogz_api
2020-17-01 16:59:14   INFO [settingsTest.SoloDriverSettingsTest] : AC passed
2020-17-01 16:59:14   INFO [libs.Database] : jdbc:mysql://ezlogzbdtest.cflnpulkxl9d.us-east-2.rds.amazonaws.com:3309/admin_ezlogz_api
2020-17-01 16:59:17   INFO [settingsTest.SoloDriverSettingsTest] : AC passed
2020-17-01 16:59:17   INFO [libs.Database] : jdbc:mysql://ezlogzbdtest.cflnpulkxl9d.us-east-2.rds.amazonaws.com:3309/admin_ezlogz_api
2020-17-01 16:59:19   INFO [settingsTest.SoloDriverSettingsTest] : AC passed
2020-17-01 16:59:19   INFO [libs.Database] : jdbc:mysql://ezlogzbdtest.cflnpulkxl9d.us-east-2.rds.amazonaws.com:3309/admin_ezlogz_api
2020-17-01 16:59:22  ERROR [settingsTest.SoloDriverSettingsTest] : AC failed: Phone failed
2020-17-01 17:01:22   INFO [settingsTest.SoloDriverSettingsTest] : Chrome will be started
2020-17-01 17:01:29   INFO [settingsTest.SoloDriverSettingsTest] : Chrome is started
2020-17-01 17:01:33   INFO [libs.Database] : jdbc:mysql://ezlogzbdtest.cflnpulkxl9d.us-east-2.rds.amazonaws.com:3309/admin_ezlogz_api
2020-17-01 17:01:35   INFO [libs.Database] : jdbc:mysql://ezlogzbdtest.cflnpulkxl9d.us-east-2.rds.amazonaws.com:3309/admin_ezlogz_api
2020-17-01 17:01:44   INFO [pages.LoginPage] : Login Page was opened
2020-17-01 17:01:45   INFO [libs.ActionsWithOurElements] : Element was clicked
2020-17-01 17:01:45   INFO [libs.ActionsWithOurElements] : den36@gmail.com was inputted into element
2020-17-01 17:01:45   INFO [libs.ActionsWithOurElements] : testtest was inputted into element
2020-17-01 17:01:45   INFO [libs.ActionsWithOurElements] : Element was clicked
2020-17-01 17:01:51   INFO [libs.ActionsWithOurElements] : Element was clicked
2020-17-01 17:01:55   INFO [libs.ActionsWithOurElements] : Element was clicked
2020-17-01 17:02:01   INFO [libs.ActionsWithOurElements] : Element was clicked
2020-17-01 17:02:06   INFO [libs.ActionsWithOurElements] : Element was clicked
2020-17-01 17:02:07   INFO [libs.ActionsWithOurElements] : 095007785 was inputted into element
2020-17-01 17:02:08   INFO [libs.ActionsWithOurElements] : 150095158 was inputted into element
2020-17-01 17:02:08   INFO [libs.ActionsWithOurElements] : 2 was selected in Drop-down
2020-17-01 17:02:08   INFO [libs.ActionsWithOurElements] : cQJFc was inputted into element
2020-17-01 17:02:08   INFO [libs.ActionsWithOurElements] : TdVvDcLXDP was inputted into element
2020-17-01 17:02:09   INFO [libs.ActionsWithOurElements] : 3920970498 was inputted into element
2020-17-01 17:02:09   INFO [libs.ActionsWithOurElements] : 2020-01-17 was inputted into element
2020-17-01 17:02:09   INFO [libs.ActionsWithOurElements] : 2020-01-17 was inputted into element
2020-17-01 17:02:09   INFO [libs.ActionsWithOurElements] : 2020-01-17 was inputted into element
2020-17-01 17:02:09   INFO [libs.ActionsWithOurElements] : 2020-01-17 was inputted into element
2020-17-01 17:02:10   INFO [libs.ActionsWithOurElements] : 2020-01-17 was inputted into element
2020-17-01 17:02:10   INFO [libs.ActionsWithOurElements] : 4513990 was inputted into element
2020-17-01 17:02:10   INFO [libs.ActionsWithOurElements] : Canada was selected in Drop-down
2020-17-01 17:02:10   INFO [libs.ActionsWithOurElements] : AB was selected in Drop-down
2020-17-01 17:02:10   INFO [libs.ActionsWithOurElements] : 2020-01-17 was inputted into element
2020-17-01 17:02:11   INFO [libs.ActionsWithOurElements] : swWhfHtmceiRDnkcXqOO was inputted into element
2020-17-01 17:02:11   INFO [libs.ActionsWithOurElements] : Element was clicked
2020-17-01 17:02:16   INFO [libs.ActionsWithOurElements] : Element was clicked
2020-17-01 17:02:21   INFO [libs.Database] : jdbc:mysql://ezlogzbdtest.cflnpulkxl9d.us-east-2.rds.amazonaws.com:3309/admin_ezlogz_api
2020-17-01 17:02:24  ERROR [settingsTest.SoloDriverSettingsTest] : AC failed: Phone failed
2020-17-01 17:26:49   INFO [settingsTest.SoloDriverSettingsTest] : Chrome will be started
2020-17-01 17:26:56   INFO [settingsTest.SoloDriverSettingsTest] : Chrome is started
2020-17-01 17:27:01   INFO [libs.Database] : jdbc:mysql://ezlogzbdtest.cflnpulkxl9d.us-east-2.rds.amazonaws.com:3309/admin_ezlogz_api
2020-17-01 17:27:03   INFO [libs.Database] : jdbc:mysql://ezlogzbdtest.cflnpulkxl9d.us-east-2.rds.amazonaws.com:3309/admin_ezlogz_api
2020-17-01 17:27:12   INFO [pages.LoginPage] : Login Page was opened
2020-17-01 17:27:12   INFO [libs.ActionsWithOurElements] : Element was clicked
2020-17-01 17:27:12   INFO [libs.ActionsWithOurElements] : den36@gmail.com was inputted into element
2020-17-01 17:27:12   INFO [libs.ActionsWithOurElements] : testtest was inputted into element
2020-17-01 17:27:12   INFO [libs.ActionsWithOurElements] : Element was clicked
2020-17-01 17:27:19   INFO [libs.ActionsWithOurElements] : Element was clicked
2020-17-01 17:27:22   INFO [libs.ActionsWithOurElements] : Element was clicked
2020-17-01 17:27:28   INFO [libs.ActionsWithOurElements] : Element was clicked
2020-17-01 17:27:33   INFO [libs.ActionsWithOurElements] : Element was clicked
2020-17-01 17:27:35   INFO [libs.ActionsWithOurElements] : 855286885 was inputted into element
2020-17-01 17:27:35   INFO [libs.ActionsWithOurElements] : 358640165 was inputted into element
2020-17-01 17:27:35   INFO [libs.ActionsWithOurElements] : 2 was selected in Drop-down
2020-17-01 17:27:35   INFO [libs.ActionsWithOurElements] : ZaLtG was inputted into element
2020-17-01 17:27:36   INFO [libs.ActionsWithOurElements] : oWKuxEnrxH was inputted into element
2020-17-01 17:27:36   INFO [libs.ActionsWithOurElements] : 4806993421 was inputted into element
2020-17-01 17:27:36   INFO [libs.ActionsWithOurElements] : 2020-01-17 was inputted into element
2020-17-01 17:27:36   INFO [libs.ActionsWithOurElements] : 2020-01-17 was inputted into element
2020-17-01 17:27:37   INFO [libs.ActionsWithOurElements] : 2020-01-17 was inputted into element
2020-17-01 17:27:37   INFO [libs.ActionsWithOurElements] : 2020-01-17 was inputted into element
2020-17-01 17:27:37   INFO [libs.ActionsWithOurElements] : 2020-01-17 was inputted into element
2020-17-01 17:27:37   INFO [libs.ActionsWithOurElements] : 3938580 was inputted into element
2020-17-01 17:27:37   INFO [libs.ActionsWithOurElements] : Canada was selected in Drop-down
2020-17-01 17:27:37   INFO [libs.ActionsWithOurElements] : AB was selected in Drop-down
2020-17-01 17:27:38   INFO [libs.ActionsWithOurElements] : 2020-01-17 was inputted into element
2020-17-01 17:27:38   INFO [libs.ActionsWithOurElements] : SOMaFuGkyzObWCbdcjgG was inputted into element
2020-17-01 17:27:38   INFO [libs.ActionsWithOurElements] : Element was clicked
2020-17-01 17:27:43   INFO [libs.ActionsWithOurElements] : Element was clicked
2020-17-01 17:27:48   INFO [libs.Database] : jdbc:mysql://ezlogzbdtest.cflnpulkxl9d.us-east-2.rds.amazonaws.com:3309/admin_ezlogz_api
2020-17-01 17:34:09   INFO [settingsTest.SoloDriverSettingsTest] : Chrome will be started
2020-17-01 17:34:15   INFO [settingsTest.SoloDriverSettingsTest] : Chrome is started
2020-17-01 17:34:20   INFO [libs.Database] : jdbc:mysql://ezlogzbdtest.cflnpulkxl9d.us-east-2.rds.amazonaws.com:3309/admin_ezlogz_api
2020-17-01 17:34:22   INFO [libs.Database] : jdbc:mysql://ezlogzbdtest.cflnpulkxl9d.us-east-2.rds.amazonaws.com:3309/admin_ezlogz_api
2020-17-01 17:34:31   INFO [pages.LoginPage] : Login Page was opened
2020-17-01 17:34:32   INFO [libs.ActionsWithOurElements] : Element was clicked
2020-17-01 17:34:32   INFO [libs.ActionsWithOurElements] : den36@gmail.com was inputted into element
2020-17-01 17:34:32   INFO [libs.ActionsWithOurElements] : testtest was inputted into element
2020-17-01 17:34:32   INFO [libs.ActionsWithOurElements] : Element was clicked
2020-17-01 17:34:39   INFO [libs.ActionsWithOurElements] : Element was clicked
2020-17-01 17:34:42   INFO [libs.ActionsWithOurElements] : Element was clicked
2020-17-01 17:34:48   INFO [libs.ActionsWithOurElements] : Element was clicked
2020-17-01 17:34:54   INFO [libs.ActionsWithOurElements] : Element was clicked
2020-17-01 17:34:55   INFO [libs.ActionsWithOurElements] : 105246075 was inputted into element
2020-17-01 17:34:55   INFO [libs.ActionsWithOurElements] : 668747629 was inputted into element
2020-17-01 17:34:56   INFO [libs.ActionsWithOurElements] : 2 was selected in Drop-down
2020-17-01 17:34:56   INFO [libs.ActionsWithOurElements] : MKQnJ was inputted into element
2020-17-01 17:34:56   INFO [libs.ActionsWithOurElements] : LzNVqhmDSs was inputted into element
2020-17-01 17:34:56   INFO [libs.ActionsWithOurElements] : 5301096790 was inputted into element
2020-17-01 17:34:57   INFO [libs.ActionsWithOurElements] : 2020-01-17 was inputted into element
2020-17-01 17:34:57   INFO [libs.ActionsWithOurElements] : 2020-01-17 was inputted into element
2020-17-01 17:34:57   INFO [libs.ActionsWithOurElements] : 2020-01-17 was inputted into element
2020-17-01 17:34:57   INFO [libs.ActionsWithOurElements] : 2020-01-17 was inputted into element
2020-17-01 17:34:57   INFO [libs.ActionsWithOurElements] : 2020-01-17 was inputted into element
2020-17-01 17:34:58   INFO [libs.ActionsWithOurElements] : 6212645 was inputted into element
2020-17-01 17:34:58   INFO [libs.ActionsWithOurElements] : Canada was selected in Drop-down
2020-17-01 17:34:58   INFO [libs.ActionsWithOurElements] : AB was selected in Drop-down
2020-17-01 17:34:58   INFO [libs.ActionsWithOurElements] : 2020-01-17 was inputted into element
2020-17-01 17:34:58   INFO [libs.ActionsWithOurElements] : rOthwZNjtbVGZTcyAvsg was inputted into element
2020-17-01 17:34:58   INFO [libs.ActionsWithOurElements] : Element was clicked
2020-17-01 17:35:04   INFO [libs.ActionsWithOurElements] : Element was clicked
2020-17-01 17:35:09   INFO [libs.Database] : jdbc:mysql://ezlogzbdtest.cflnpulkxl9d.us-east-2.rds.amazonaws.com:3309/admin_ezlogz_api
2020-17-01 17:35:11   INFO [settingsTest.SoloDriverSettingsTest] : AC passed
2020-17-01 17:47:22   INFO [settingsTest.SoloDriverSettingsTest] : Chrome will be started
2020-17-01 17:47:29   INFO [settingsTest.SoloDriverSettingsTest] : Chrome is started
2020-17-01 17:47:34   INFO [libs.Database] : jdbc:mysql://ezlogzbdtest.cflnpulkxl9d.us-east-2.rds.amazonaws.com:3309/admin_ezlogz_api
2020-17-01 17:47:36   INFO [libs.Database] : jdbc:mysql://ezlogzbdtest.cflnpulkxl9d.us-east-2.rds.amazonaws.com:3309/admin_ezlogz_api
2020-17-01 17:47:47   INFO [pages.LoginPage] : Login Page was opened
2020-17-01 17:47:47   INFO [libs.ActionsWithOurElements] : Element was clicked
2020-17-01 17:47:47   INFO [libs.ActionsWithOurElements] : den36@gmail.com was inputted into element
2020-17-01 17:47:47   INFO [libs.ActionsWithOurElements] : testtest was inputted into element
2020-17-01 17:47:47   INFO [libs.ActionsWithOurElements] : Element was clicked
2020-17-01 17:47:54   INFO [libs.ActionsWithOurElements] : Element was clicked
2020-17-01 17:47:57   INFO [libs.ActionsWithOurElements] : Element was clicked
2020-17-01 17:48:03   INFO [libs.ActionsWithOurElements] : Element was clicked
2020-17-01 17:48:08   INFO [libs.ActionsWithOurElements] : Element was clicked
2020-17-01 17:48:10   INFO [libs.ActionsWithOurElements] : 348798654 was inputted into element
2020-17-01 17:48:10   INFO [libs.ActionsWithOurElements] : 060042414 was inputted into element
2020-17-01 17:48:10   INFO [libs.ActionsWithOurElements] : 2 was selected in Drop-down
2020-17-01 17:48:10   INFO [libs.ActionsWithOurElements] : QQBdw was inputted into element
2020-17-01 17:48:11   INFO [libs.ActionsWithOurElements] : vyjnUSrQbP was inputted into element
2020-17-01 17:48:11   INFO [libs.ActionsWithOurElements] : 9006697377 was inputted into element
2020-17-01 17:48:11   INFO [libs.ActionsWithOurElements] : 2020-01-17 was inputted into element
2020-17-01 17:48:11   INFO [libs.ActionsWithOurElements] : 2020-01-17 was inputted into element
2020-17-01 17:48:12   INFO [libs.ActionsWithOurElements] : 2020-01-17 was inputted into element
2020-17-01 17:48:12   INFO [libs.ActionsWithOurElements] : 2020-01-17 was inputted into element
2020-17-01 17:48:12   INFO [libs.ActionsWithOurElements] : 2020-01-17 was inputted into element
2020-17-01 17:48:12   INFO [libs.ActionsWithOurElements] : 0058840 was inputted into element
2020-17-01 17:48:12   INFO [libs.ActionsWithOurElements] : Canada was selected in Drop-down
2020-17-01 17:48:12   INFO [libs.ActionsWithOurElements] : AB was selected in Drop-down
2020-17-01 17:48:13   INFO [libs.ActionsWithOurElements] : 2020-01-17 was inputted into element
2020-17-01 17:48:13   INFO [libs.ActionsWithOurElements] : hOncKhBSmAIcUYcmkOYM was inputted into element
2020-17-01 17:48:13   INFO [libs.ActionsWithOurElements] : Element was clicked
2020-17-01 17:48:18   INFO [libs.ActionsWithOurElements] : Element was clicked
2020-17-01 17:48:23   INFO [libs.Database] : jdbc:mysql://ezlogzbdtest.cflnpulkxl9d.us-east-2.rds.amazonaws.com:3309/admin_ezlogz_api
2020-17-01 17:48:26   INFO [settingsTest.SoloDriverSettingsTest] : AC passed
2020-17-01 17:48:26   INFO [libs.Database] : jdbc:mysql://ezlogzbdtest.cflnpulkxl9d.us-east-2.rds.amazonaws.com:3309/admin_ezlogz_api
2020-17-01 17:48:29   INFO [settingsTest.SoloDriverSettingsTest] : AC passed
2020-17-01 17:48:29   INFO [libs.Database] : jdbc:mysql://ezlogzbdtest.cflnpulkxl9d.us-east-2.rds.amazonaws.com:3309/admin_ezlogz_api
2020-17-01 17:48:31   INFO [settingsTest.SoloDriverSettingsTest] : AC passed
2020-17-01 17:48:31   INFO [libs.Database] : jdbc:mysql://ezlogzbdtest.cflnpulkxl9d.us-east-2.rds.amazonaws.com:3309/admin_ezlogz_api
2020-17-01 17:48:34   INFO [settingsTest.SoloDriverSettingsTest] : AC passed
2020-17-01 17:48:34   INFO [libs.Database] : jdbc:mysql://ezlogzbdtest.cflnpulkxl9d.us-east-2.rds.amazonaws.com:3309/admin_ezlogz_api
2020-17-01 17:48:37   INFO [settingsTest.SoloDriverSettingsTest] : AC passed
2020-17-01 17:48:37   INFO [libs.Database] : jdbc:mysql://ezlogzbdtest.cflnpulkxl9d.us-east-2.rds.amazonaws.com:3309/admin_ezlogz_api
2020-17-01 17:48:39   INFO [settingsTest.SoloDriverSettingsTest] : AC passed
2020-17-01 17:48:39   INFO [libs.Database] : jdbc:mysql://ezlogzbdtest.cflnpulkxl9d.us-east-2.rds.amazonaws.com:3309/admin_ezlogz_api
2020-17-01 17:48:42   INFO [settingsTest.SoloDriverSettingsTest] : AC passed
2020-17-01 17:48:42   INFO [libs.Database] : jdbc:mysql://ezlogzbdtest.cflnpulkxl9d.us-east-2.rds.amazonaws.com:3309/admin_ezlogz_api
2020-17-01 17:48:45   INFO [settingsTest.SoloDriverSettingsTest] : AC passed
2020-17-01 17:48:45   INFO [libs.Database] : jdbc:mysql://ezlogzbdtest.cflnpulkxl9d.us-east-2.rds.amazonaws.com:3309/admin_ezlogz_api
2020-17-01 17:48:47   INFO [settingsTest.SoloDriverSettingsTest] : AC passed
2020-17-01 17:48:47   INFO [libs.Database] : jdbc:mysql://ezlogzbdtest.cflnpulkxl9d.us-east-2.rds.amazonaws.com:3309/admin_ezlogz_api
2020-17-01 17:48:50   INFO [settingsTest.SoloDriverSettingsTest] : AC passed
2020-17-01 17:48:50   INFO [libs.Database] : jdbc:mysql://ezlogzbdtest.cflnpulkxl9d.us-east-2.rds.amazonaws.com:3309/admin_ezlogz_api
2020-17-01 17:48:53   INFO [settingsTest.SoloDriverSettingsTest] : AC passed
2020-17-01 17:48:53   INFO [libs.Database] : jdbc:mysql://ezlogzbdtest.cflnpulkxl9d.us-east-2.rds.amazonaws.com:3309/admin_ezlogz_api
2020-17-01 17:48:55  ERROR [settingsTest.SoloDriverSettingsTest] : AC failed: SSN failed
2020-17-01 17:52:14   INFO [settingsTest.SoloDriverSettingsTest] : Chrome will be started
2020-17-01 17:52:21   INFO [settingsTest.SoloDriverSettingsTest] : Chrome is started
2020-17-01 17:52:25   INFO [libs.Database] : jdbc:mysql://ezlogzbdtest.cflnpulkxl9d.us-east-2.rds.amazonaws.com:3309/admin_ezlogz_api
2020-17-01 17:52:27   INFO [libs.Database] : jdbc:mysql://ezlogzbdtest.cflnpulkxl9d.us-east-2.rds.amazonaws.com:3309/admin_ezlogz_api
2020-17-01 17:52:41   INFO [pages.LoginPage] : Login Page was opened
2020-17-01 17:52:41   INFO [libs.ActionsWithOurElements] : Element was clicked
2020-17-01 17:52:41   INFO [libs.ActionsWithOurElements] : den36@gmail.com was inputted into element
2020-17-01 17:52:41   INFO [libs.ActionsWithOurElements] : testtest was inputted into element
2020-17-01 17:52:41   INFO [libs.ActionsWithOurElements] : Element was clicked
2020-17-01 17:52:48   INFO [libs.ActionsWithOurElements] : Element was clicked
2020-17-01 17:52:51   INFO [libs.ActionsWithOurElements] : Element was clicked
2020-17-01 17:52:58   INFO [libs.ActionsWithOurElements] : Element was clicked
2020-17-01 17:53:03   INFO [libs.ActionsWithOurElements] : Element was clicked
2020-17-01 17:53:04   INFO [libs.ActionsWithOurElements] : 165112877 was inputted into element
2020-17-01 17:53:05   INFO [libs.ActionsWithOurElements] : 051989987 was inputted into element
2020-17-01 17:53:05   INFO [libs.ActionsWithOurElements] : 2 was selected in Drop-down
2020-17-01 17:53:05   INFO [libs.ActionsWithOurElements] : qerBR was inputted into element
2020-17-01 17:53:06   INFO [libs.ActionsWithOurElements] : oHeJwCIAQN was inputted into element
2020-17-01 17:53:06   INFO [libs.ActionsWithOurElements] : 5178930153 was inputted into element
2020-17-01 17:53:06   INFO [libs.ActionsWithOurElements] : 2020-01-17 was inputted into element
2020-17-01 17:53:06   INFO [libs.ActionsWithOurElements] : 2020-01-17 was inputted into element
2020-17-01 17:53:06   INFO [libs.ActionsWithOurElements] : 2020-01-17 was inputted into element
2020-17-01 17:53:07   INFO [libs.ActionsWithOurElements] : 2020-01-17 was inputted into element
2020-17-01 17:53:07   INFO [libs.ActionsWithOurElements] : 2020-01-17 was inputted into element
2020-17-01 17:53:07   INFO [libs.ActionsWithOurElements] : 2640660 was inputted into element
2020-17-01 17:53:07   INFO [libs.ActionsWithOurElements] : Canada was selected in Drop-down
2020-17-01 17:53:07   INFO [libs.ActionsWithOurElements] : AB was selected in Drop-down
2020-17-01 17:53:08   INFO [libs.ActionsWithOurElements] : 2020-01-17 was inputted into element
2020-17-01 17:53:08   INFO [libs.ActionsWithOurElements] : HYeetnowxjMVaTxmJwgW was inputted into element
2020-17-01 17:53:08   INFO [libs.ActionsWithOurElements] : Element was clicked
2020-17-01 17:53:13   INFO [libs.ActionsWithOurElements] : Element was clicked
2020-17-01 17:53:18   INFO [libs.Database] : jdbc:mysql://ezlogzbdtest.cflnpulkxl9d.us-east-2.rds.amazonaws.com:3309/admin_ezlogz_api
2020-17-01 17:53:21   INFO [settingsTest.SoloDriverSettingsTest] : AC passed
2020-17-01 17:53:21   INFO [libs.Database] : jdbc:mysql://ezlogzbdtest.cflnpulkxl9d.us-east-2.rds.amazonaws.com:3309/admin_ezlogz_api
2020-17-01 17:53:24   INFO [settingsTest.SoloDriverSettingsTest] : AC passed
2020-17-01 17:53:24   INFO [libs.Database] : jdbc:mysql://ezlogzbdtest.cflnpulkxl9d.us-east-2.rds.amazonaws.com:3309/admin_ezlogz_api
2020-17-01 17:53:26   INFO [settingsTest.SoloDriverSettingsTest] : AC passed
2020-17-01 17:53:26   INFO [libs.Database] : jdbc:mysql://ezlogzbdtest.cflnpulkxl9d.us-east-2.rds.amazonaws.com:3309/admin_ezlogz_api
2020-17-01 17:53:29   INFO [settingsTest.SoloDriverSettingsTest] : AC passed
2020-17-01 17:53:29   INFO [libs.Database] : jdbc:mysql://ezlogzbdtest.cflnpulkxl9d.us-east-2.rds.amazonaws.com:3309/admin_ezlogz_api
2020-17-01 17:53:32   INFO [settingsTest.SoloDriverSettingsTest] : AC passed
2020-17-01 17:53:32   INFO [libs.Database] : jdbc:mysql://ezlogzbdtest.cflnpulkxl9d.us-east-2.rds.amazonaws.com:3309/admin_ezlogz_api
2020-17-01 17:53:34   INFO [settingsTest.SoloDriverSettingsTest] : AC passed
2020-17-01 17:53:34   INFO [libs.Database] : jdbc:mysql://ezlogzbdtest.cflnpulkxl9d.us-east-2.rds.amazonaws.com:3309/admin_ezlogz_api
2020-17-01 17:53:37   INFO [settingsTest.SoloDriverSettingsTest] : AC passed
2020-17-01 17:53:37   INFO [libs.Database] : jdbc:mysql://ezlogzbdtest.cflnpulkxl9d.us-east-2.rds.amazonaws.com:3309/admin_ezlogz_api
2020-17-01 17:53:40   INFO [settingsTest.SoloDriverSettingsTest] : AC passed
2020-17-01 17:53:40   INFO [libs.Database] : jdbc:mysql://ezlogzbdtest.cflnpulkxl9d.us-east-2.rds.amazonaws.com:3309/admin_ezlogz_api
2020-17-01 17:53:42   INFO [settingsTest.SoloDriverSettingsTest] : AC passed
2020-17-01 17:53:42   INFO [libs.Database] : jdbc:mysql://ezlogzbdtest.cflnpulkxl9d.us-east-2.rds.amazonaws.com:3309/admin_ezlogz_api
2020-17-01 17:53:45   INFO [settingsTest.SoloDriverSettingsTest] : AC passed
2020-17-01 17:53:45   INFO [libs.Database] : jdbc:mysql://ezlogzbdtest.cflnpulkxl9d.us-east-2.rds.amazonaws.com:3309/admin_ezlogz_api
2020-17-01 17:53:48   INFO [settingsTest.SoloDriverSettingsTest] : AC passed
2020-17-01 17:53:48   INFO [libs.Database] : jdbc:mysql://ezlogzbdtest.cflnpulkxl9d.us-east-2.rds.amazonaws.com:3309/admin_ezlogz_api
2020-17-01 17:53:50  ERROR [settingsTest.SoloDriverSettingsTest] : AC failed: SSN failed
2020-17-01 17:54:51   INFO [settingsTest.SoloDriverSettingsTest] : Chrome will be started
2020-17-01 17:54:58   INFO [settingsTest.SoloDriverSettingsTest] : Chrome is started
2020-17-01 17:55:03   INFO [libs.Database] : jdbc:mysql://ezlogzbdtest.cflnpulkxl9d.us-east-2.rds.amazonaws.com:3309/admin_ezlogz_api
2020-17-01 17:55:05   INFO [libs.Database] : jdbc:mysql://ezlogzbdtest.cflnpulkxl9d.us-east-2.rds.amazonaws.com:3309/admin_ezlogz_api
2020-17-01 17:55:14   INFO [pages.LoginPage] : Login Page was opened
2020-17-01 17:55:14   INFO [libs.ActionsWithOurElements] : Element was clicked
2020-17-01 17:55:15   INFO [libs.ActionsWithOurElements] : den36@gmail.com was inputted into element
2020-17-01 17:55:15   INFO [libs.ActionsWithOurElements] : testtest was inputted into element
2020-17-01 17:55:15   INFO [libs.ActionsWithOurElements] : Element was clicked
2020-17-01 17:55:21   INFO [libs.ActionsWithOurElements] : Element was clicked
2020-17-01 17:55:25   INFO [libs.ActionsWithOurElements] : Element was clicked
2020-17-01 17:55:31   INFO [libs.ActionsWithOurElements] : Element was clicked
2020-17-01 17:55:37   INFO [libs.ActionsWithOurElements] : Element was clicked
2020-17-01 17:55:38   INFO [libs.ActionsWithOurElements] : 483509573 was inputted into element
2020-17-01 17:55:39   INFO [libs.ActionsWithOurElements] : 882872563 was inputted into element
2020-17-01 17:55:39   INFO [libs.ActionsWithOurElements] : 2 was selected in Drop-down
2020-17-01 17:55:39   INFO [libs.ActionsWithOurElements] : nFqdE was inputted into element
2020-17-01 17:55:40   INFO [libs.ActionsWithOurElements] : TwXhTxDZxb was inputted into element
2020-17-01 17:55:40   INFO [libs.ActionsWithOurElements] : 3141442858 was inputted into element
2020-17-01 17:55:40   INFO [libs.ActionsWithOurElements] : 2020-01-17 was inputted into element
2020-17-01 17:55:40   INFO [libs.ActionsWithOurElements] : 2020-01-17 was inputted into element
2020-17-01 17:55:40   INFO [libs.ActionsWithOurElements] : 2020-01-17 was inputted into element
2020-17-01 17:55:41   INFO [libs.ActionsWithOurElements] : 2020-01-17 was inputted into element
2020-17-01 17:55:41   INFO [libs.ActionsWithOurElements] : 2020-01-17 was inputted into element
2020-17-01 17:55:41   INFO [libs.ActionsWithOurElements] : 8882772 was inputted into element
2020-17-01 17:55:41   INFO [libs.ActionsWithOurElements] : Canada was selected in Drop-down
2020-17-01 17:55:41   INFO [libs.ActionsWithOurElements] : AB was selected in Drop-down
2020-17-01 17:55:41   INFO [libs.ActionsWithOurElements] : 2020-01-17 was inputted into element
2020-17-01 17:55:42   INFO [libs.ActionsWithOurElements] : flJjbLhHZeSiTDcXpHew was inputted into element
2020-17-01 17:55:42   INFO [libs.ActionsWithOurElements] : Element was clicked
2020-17-01 17:55:47   INFO [libs.ActionsWithOurElements] : Element was clicked
2020-17-01 17:55:52   INFO [libs.Database] : jdbc:mysql://ezlogzbdtest.cflnpulkxl9d.us-east-2.rds.amazonaws.com:3309/admin_ezlogz_api
2020-17-01 17:55:55   INFO [settingsTest.SoloDriverSettingsTest] : AC passed
2020-17-01 17:55:55   INFO [libs.Database] : jdbc:mysql://ezlogzbdtest.cflnpulkxl9d.us-east-2.rds.amazonaws.com:3309/admin_ezlogz_api
2020-17-01 17:55:57   INFO [settingsTest.SoloDriverSettingsTest] : AC passed
2020-17-01 17:55:57   INFO [libs.Database] : jdbc:mysql://ezlogzbdtest.cflnpulkxl9d.us-east-2.rds.amazonaws.com:3309/admin_ezlogz_api
2020-17-01 17:56:00   INFO [settingsTest.SoloDriverSettingsTest] : AC passed
2020-17-01 17:56:00   INFO [libs.Database] : jdbc:mysql://ezlogzbdtest.cflnpulkxl9d.us-east-2.rds.amazonaws.com:3309/admin_ezlogz_api
2020-17-01 17:56:03   INFO [settingsTest.SoloDriverSettingsTest] : AC passed
2020-17-01 17:56:03   INFO [libs.Database] : jdbc:mysql://ezlogzbdtest.cflnpulkxl9d.us-east-2.rds.amazonaws.com:3309/admin_ezlogz_api
2020-17-01 17:56:05   INFO [settingsTest.SoloDriverSettingsTest] : AC passed
2020-17-01 17:56:05   INFO [libs.Database] : jdbc:mysql://ezlogzbdtest.cflnpulkxl9d.us-east-2.rds.amazonaws.com:3309/admin_ezlogz_api
2020-17-01 17:56:08   INFO [settingsTest.SoloDriverSettingsTest] : AC passed
2020-17-01 17:56:08   INFO [libs.Database] : jdbc:mysql://ezlogzbdtest.cflnpulkxl9d.us-east-2.rds.amazonaws.com:3309/admin_ezlogz_api
2020-17-01 17:56:11   INFO [settingsTest.SoloDriverSettingsTest] : AC passed
2020-17-01 17:56:11   INFO [libs.Database] : jdbc:mysql://ezlogzbdtest.cflnpulkxl9d.us-east-2.rds.amazonaws.com:3309/admin_ezlogz_api
2020-17-01 17:56:14   INFO [settingsTest.SoloDriverSettingsTest] : AC passed
2020-17-01 17:56:14   INFO [libs.Database] : jdbc:mysql://ezlogzbdtest.cflnpulkxl9d.us-east-2.rds.amazonaws.com:3309/admin_ezlogz_api
2020-17-01 17:56:16   INFO [settingsTest.SoloDriverSettingsTest] : AC passed
2020-17-01 17:56:16   INFO [libs.Database] : jdbc:mysql://ezlogzbdtest.cflnpulkxl9d.us-east-2.rds.amazonaws.com:3309/admin_ezlogz_api
2020-17-01 17:56:19   INFO [settingsTest.SoloDriverSettingsTest] : AC passed
2020-17-01 17:56:19   INFO [libs.Database] : jdbc:mysql://ezlogzbdtest.cflnpulkxl9d.us-east-2.rds.amazonaws.com:3309/admin_ezlogz_api
2020-17-01 17:56:22   INFO [settingsTest.SoloDriverSettingsTest] : AC passed
2020-17-01 17:56:22   INFO [libs.Database] : jdbc:mysql://ezlogzbdtest.cflnpulkxl9d.us-east-2.rds.amazonaws.com:3309/admin_ezlogz_api
2020-17-01 17:56:24   INFO [settingsTest.SoloDriverSettingsTest] : AC passed
2020-17-01 17:56:24   INFO [libs.Database] : jdbc:mysql://ezlogzbdtest.cflnpulkxl9d.us-east-2.rds.amazonaws.com:3309/admin_ezlogz_api
2020-17-01 17:56:26   INFO [libs.Database] : jdbc:mysql://ezlogzbdtest.cflnpulkxl9d.us-east-2.rds.amazonaws.com:3309/admin_ezlogz_api
2020-17-01 17:56:29   INFO [settingsTest.SoloDriverSettingsTest] : AC passed
